mode: set
github.com/nabishec/avito_pvz_service/internal/http_server/handlers/add_pvz/post_pvz.go:19.35,23.2 1 0
github.com/nabishec/avito_pvz_service/internal/http_server/handlers/add_pvz/post_pvz.go:37.62,44.29 5 1
github.com/nabishec/avito_pvz_service/internal/http_server/handlers/add_pvz/post_pvz.go:44.29,50.3 4 1
github.com/nabishec/avito_pvz_service/internal/http_server/handlers/add_pvz/post_pvz.go:52.2,55.16 3 1
github.com/nabishec/avito_pvz_service/internal/http_server/handlers/add_pvz/post_pvz.go:55.16,61.3 4 1
github.com/nabishec/avito_pvz_service/internal/http_server/handlers/add_pvz/post_pvz.go:62.2,65.16 3 1
github.com/nabishec/avito_pvz_service/internal/http_server/handlers/add_pvz/post_pvz.go:65.16,71.3 4 1
github.com/nabishec/avito_pvz_service/internal/http_server/handlers/add_pvz/post_pvz.go:73.2,75.18 3 1
github.com/nabishec/avito_pvz_service/internal/http_server/handlers/add_pvz/post_pvz.go:75.18,81.3 4 1
github.com/nabishec/avito_pvz_service/internal/http_server/handlers/add_pvz/post_pvz.go:83.2,84.16 2 1
github.com/nabishec/avito_pvz_service/internal/http_server/handlers/add_pvz/post_pvz.go:84.16,90.3 4 1
github.com/nabishec/avito_pvz_service/internal/http_server/handlers/add_pvz/post_pvz.go:92.2,93.24 2 1
github.com/nabishec/avito_pvz_service/internal/http_server/handlers/auth/post_auth.go:18.39,22.2 1 0
github.com/nabishec/avito_pvz_service/internal/http_server/handlers/auth/post_auth.go:33.65,41.16 6 1
github.com/nabishec/avito_pvz_service/internal/http_server/handlers/auth/post_auth.go:41.16,47.3 4 1
github.com/nabishec/avito_pvz_service/internal/http_server/handlers/auth/post_auth.go:48.2,51.16 3 1
github.com/nabishec/avito_pvz_service/internal/http_server/handlers/auth/post_auth.go:51.16,57.3 4 1
github.com/nabishec/avito_pvz_service/internal/http_server/handlers/auth/post_auth.go:58.2,58.61 1 1
github.com/nabishec/avito_pvz_service/internal/http_server/handlers/auth/post_auth.go:58.61,64.3 4 1
github.com/nabishec/avito_pvz_service/internal/http_server/handlers/auth/post_auth.go:66.2,67.16 2 1
github.com/nabishec/avito_pvz_service/internal/http_server/handlers/auth/post_auth.go:67.16,68.40 1 1
github.com/nabishec/avito_pvz_service/internal/http_server/handlers/auth/post_auth.go:68.40,74.4 4 0
github.com/nabishec/avito_pvz_service/internal/http_server/handlers/auth/post_auth.go:75.3,75.41 1 1
github.com/nabishec/avito_pvz_service/internal/http_server/handlers/auth/post_auth.go:75.41,81.4 4 1
github.com/nabishec/avito_pvz_service/internal/http_server/handlers/auth/post_auth.go:82.3,86.9 4 1
github.com/nabishec/avito_pvz_service/internal/http_server/handlers/auth/post_auth.go:89.2,90.25 2 1
github.com/nabishec/avito_pvz_service/internal/http_server/handlers/close_last_receptions/post_reception.go:19.99,23.2 1 0
github.com/nabishec/avito_pvz_service/internal/http_server/handlers/close_last_receptions/post_reception.go:37.91,44.26 5 1
github.com/nabishec/avito_pvz_service/internal/http_server/handlers/close_last_receptions/post_reception.go:44.26,50.3 4 1
github.com/nabishec/avito_pvz_service/internal/http_server/handlers/close_last_receptions/post_reception.go:52.2,53.23 2 1
github.com/nabishec/avito_pvz_service/internal/http_server/handlers/close_last_receptions/post_reception.go:53.23,59.3 4 1
github.com/nabishec/avito_pvz_service/internal/http_server/handlers/close_last_receptions/post_reception.go:60.2,63.16 3 1
github.com/nabishec/avito_pvz_service/internal/http_server/handlers/close_last_receptions/post_reception.go:63.16,69.3 4 1
github.com/nabishec/avito_pvz_service/internal/http_server/handlers/close_last_receptions/post_reception.go:71.2,72.16 2 1
github.com/nabishec/avito_pvz_service/internal/http_server/handlers/close_last_receptions/post_reception.go:72.16,73.46 1 1
github.com/nabishec/avito_pvz_service/internal/http_server/handlers/close_last_receptions/post_reception.go:73.46,79.4 4 1
github.com/nabishec/avito_pvz_service/internal/http_server/handlers/close_last_receptions/post_reception.go:80.3,84.9 4 1
github.com/nabishec/avito_pvz_service/internal/http_server/handlers/close_last_receptions/post_reception.go:87.2,88.75 2 1
github.com/nabishec/avito_pvz_service/internal/http_server/handlers/add_products/post_products.go:21.55,25.2 1 0
github.com/nabishec/avito_pvz_service/internal/http_server/handlers/add_products/post_products.go:39.72,46.26 5 1
github.com/nabishec/avito_pvz_service/internal/http_server/handlers/add_products/post_products.go:46.26,52.3 4 1
github.com/nabishec/avito_pvz_service/internal/http_server/handlers/add_products/post_products.go:54.2,57.16 3 1
github.com/nabishec/avito_pvz_service/internal/http_server/handlers/add_products/post_products.go:57.16,63.3 4 1
github.com/nabishec/avito_pvz_service/internal/http_server/handlers/add_products/post_products.go:64.2,67.16 3 1
github.com/nabishec/avito_pvz_service/internal/http_server/handlers/add_products/post_products.go:67.16,73.3 4 1
github.com/nabishec/avito_pvz_service/internal/http_server/handlers/add_products/post_products.go:75.2,77.19 3 1
github.com/nabishec/avito_pvz_service/internal/http_server/handlers/add_products/post_products.go:77.19,83.3 4 1
github.com/nabishec/avito_pvz_service/internal/http_server/handlers/add_products/post_products.go:85.2,86.16 2 1
github.com/nabishec/avito_pvz_service/internal/http_server/handlers/add_products/post_products.go:86.16,92.3 4 1
github.com/nabishec/avito_pvz_service/internal/http_server/handlers/add_products/post_products.go:94.2,95.16 2 1
github.com/nabishec/avito_pvz_service/internal/http_server/handlers/add_products/post_products.go:95.16,96.46 1 1
github.com/nabishec/avito_pvz_service/internal/http_server/handlers/add_products/post_products.go:96.46,102.4 4 1
github.com/nabishec/avito_pvz_service/internal/http_server/handlers/add_products/post_products.go:103.3,107.9 4 1
github.com/nabishec/avito_pvz_service/internal/http_server/handlers/add_products/post_products.go:110.2,111.28 2 1
github.com/nabishec/avito_pvz_service/internal/http_server/handlers/delete_last_products/post_product.go:19.91,23.2 1 0
github.com/nabishec/avito_pvz_service/internal/http_server/handlers/delete_last_products/post_product.go:37.85,44.26 5 1
github.com/nabishec/avito_pvz_service/internal/http_server/handlers/delete_last_products/post_product.go:44.26,50.3 4 1
github.com/nabishec/avito_pvz_service/internal/http_server/handlers/delete_last_products/post_product.go:52.2,53.23 2 1
github.com/nabishec/avito_pvz_service/internal/http_server/handlers/delete_last_products/post_product.go:53.23,59.3 4 1
github.com/nabishec/avito_pvz_service/internal/http_server/handlers/delete_last_products/post_product.go:60.2,63.16 3 1
github.com/nabishec/avito_pvz_service/internal/http_server/handlers/delete_last_products/post_product.go:63.16,69.3 4 1
github.com/nabishec/avito_pvz_service/internal/http_server/handlers/delete_last_products/post_product.go:71.2,72.16 2 1
github.com/nabishec/avito_pvz_service/internal/http_server/handlers/delete_last_products/post_product.go:72.16,73.46 1 1
github.com/nabishec/avito_pvz_service/internal/http_server/handlers/delete_last_products/post_product.go:73.46,79.4 4 1
github.com/nabishec/avito_pvz_service/internal/http_server/handlers/delete_last_products/post_product.go:80.3,80.52 1 1
github.com/nabishec/avito_pvz_service/internal/http_server/handlers/delete_last_products/post_product.go:80.52,86.4 4 1
github.com/nabishec/avito_pvz_service/internal/http_server/handlers/delete_last_products/post_product.go:88.3,92.9 4 1
github.com/nabishec/avito_pvz_service/internal/http_server/handlers/delete_last_products/post_product.go:95.2,96.68 2 1
github.com/nabishec/avito_pvz_service/internal/http_server/handlers/get_pvz_list/get_pvz.go:18.33,22.2 1 0
github.com/nabishec/avito_pvz_service/internal/http_server/handlers/get_pvz_list/get_pvz.go:39.66,46.23 5 1
github.com/nabishec/avito_pvz_service/internal/http_server/handlers/get_pvz_list/get_pvz.go:46.23,48.3 1 1
github.com/nabishec/avito_pvz_service/internal/http_server/handlers/get_pvz_list/get_pvz.go:49.2,50.24 2 1
github.com/nabishec/avito_pvz_service/internal/http_server/handlers/get_pvz_list/get_pvz.go:50.24,52.3 1 1
github.com/nabishec/avito_pvz_service/internal/http_server/handlers/get_pvz_list/get_pvz.go:54.2,63.21 8 1
github.com/nabishec/avito_pvz_service/internal/http_server/handlers/get_pvz_list/get_pvz.go:63.21,65.17 2 1
github.com/nabishec/avito_pvz_service/internal/http_server/handlers/get_pvz_list/get_pvz.go:65.17,71.4 4 1
github.com/nabishec/avito_pvz_service/internal/http_server/handlers/get_pvz_list/get_pvz.go:74.2,74.19 1 1
github.com/nabishec/avito_pvz_service/internal/http_server/handlers/get_pvz_list/get_pvz.go:74.19,76.17 2 1
github.com/nabishec/avito_pvz_service/internal/http_server/handlers/get_pvz_list/get_pvz.go:76.17,82.4 4 0
github.com/nabishec/avito_pvz_service/internal/http_server/handlers/get_pvz_list/get_pvz.go:85.2,87.16 3 1
github.com/nabishec/avito_pvz_service/internal/http_server/handlers/get_pvz_list/get_pvz.go:87.16,89.3 1 1
github.com/nabishec/avito_pvz_service/internal/http_server/handlers/get_pvz_list/get_pvz.go:89.8,91.3 1 1
github.com/nabishec/avito_pvz_service/internal/http_server/handlers/get_pvz_list/get_pvz.go:93.2,93.31 1 1
github.com/nabishec/avito_pvz_service/internal/http_server/handlers/get_pvz_list/get_pvz.go:93.31,99.3 4 1
github.com/nabishec/avito_pvz_service/internal/http_server/handlers/get_pvz_list/get_pvz.go:101.2,101.17 1 1
github.com/nabishec/avito_pvz_service/internal/http_server/handlers/get_pvz_list/get_pvz.go:101.17,103.3 1 1
github.com/nabishec/avito_pvz_service/internal/http_server/handlers/get_pvz_list/get_pvz.go:103.8,105.3 1 1
github.com/nabishec/avito_pvz_service/internal/http_server/handlers/get_pvz_list/get_pvz.go:107.2,107.49 1 1
github.com/nabishec/avito_pvz_service/internal/http_server/handlers/get_pvz_list/get_pvz.go:107.49,113.3 4 1
github.com/nabishec/avito_pvz_service/internal/http_server/handlers/get_pvz_list/get_pvz.go:115.2,115.39 1 1
github.com/nabishec/avito_pvz_service/internal/http_server/handlers/get_pvz_list/get_pvz.go:115.39,121.3 4 1
github.com/nabishec/avito_pvz_service/internal/http_server/handlers/get_pvz_list/get_pvz.go:123.2,124.16 2 1
github.com/nabishec/avito_pvz_service/internal/http_server/handlers/get_pvz_list/get_pvz.go:124.16,130.3 4 1
github.com/nabishec/avito_pvz_service/internal/http_server/handlers/get_pvz_list/get_pvz.go:132.2,133.28 2 1
github.com/nabishec/avito_pvz_service/internal/http_server/middleware/auth.go:21.43,22.53 1 0
github.com/nabishec/avito_pvz_service/internal/http_server/middleware/auth.go:22.53,30.21 5 0
github.com/nabishec/avito_pvz_service/internal/http_server/middleware/auth.go:30.21,36.4 4 0
github.com/nabishec/avito_pvz_service/internal/http_server/middleware/auth.go:38.3,40.26 2 0
github.com/nabishec/avito_pvz_service/internal/http_server/middleware/auth.go:40.26,46.4 4 0
github.com/nabishec/avito_pvz_service/internal/http_server/middleware/auth.go:48.3,48.21 1 0
github.com/nabishec/avito_pvz_service/internal/http_server/middleware/auth.go:48.21,54.4 4 0
github.com/nabishec/avito_pvz_service/internal/http_server/middleware/auth.go:56.3,58.17 2 0
github.com/nabishec/avito_pvz_service/internal/http_server/middleware/auth.go:58.17,64.4 4 0
github.com/nabishec/avito_pvz_service/internal/http_server/middleware/auth.go:66.3,67.47 2 0
github.com/nabishec/avito_pvz_service/internal/http_server/middleware/auth.go:67.47,73.4 4 0
github.com/nabishec/avito_pvz_service/internal/http_server/middleware/auth.go:75.3,78.40 4 0
github.com/nabishec/avito_pvz_service/internal/http_server/middleware/auth.go:80.2,80.29 1 0
github.com/nabishec/avito_pvz_service/internal/http_server/handlers/login/post_login.go:19.43,23.2 1 0
github.com/nabishec/avito_pvz_service/internal/http_server/handlers/login/post_login.go:35.63,43.16 6 1
github.com/nabishec/avito_pvz_service/internal/http_server/handlers/login/post_login.go:43.16,49.3 4 1
github.com/nabishec/avito_pvz_service/internal/http_server/handlers/login/post_login.go:50.2,53.16 3 1
github.com/nabishec/avito_pvz_service/internal/http_server/handlers/login/post_login.go:53.16,59.3 4 1
github.com/nabishec/avito_pvz_service/internal/http_server/handlers/login/post_login.go:61.2,62.16 2 1
github.com/nabishec/avito_pvz_service/internal/http_server/handlers/login/post_login.go:62.16,63.40 1 1
github.com/nabishec/avito_pvz_service/internal/http_server/handlers/login/post_login.go:63.40,69.4 4 1
github.com/nabishec/avito_pvz_service/internal/http_server/handlers/login/post_login.go:70.3,70.40 1 1
github.com/nabishec/avito_pvz_service/internal/http_server/handlers/login/post_login.go:70.40,76.4 4 1
github.com/nabishec/avito_pvz_service/internal/http_server/handlers/login/post_login.go:77.3,77.37 1 1
github.com/nabishec/avito_pvz_service/internal/http_server/handlers/login/post_login.go:77.37,83.4 4 1
github.com/nabishec/avito_pvz_service/internal/http_server/handlers/login/post_login.go:84.3,88.9 4 1
github.com/nabishec/avito_pvz_service/internal/http_server/handlers/login/post_login.go:91.2,92.16 2 1
github.com/nabishec/avito_pvz_service/internal/http_server/handlers/login/post_login.go:92.16,98.3 4 0
github.com/nabishec/avito_pvz_service/internal/http_server/handlers/login/post_login.go:99.2,102.53 3 1
github.com/nabishec/avito_pvz_service/internal/http_server/handlers/open_new_receptions/post_receptions.go:20.63,24.2 1 0
github.com/nabishec/avito_pvz_service/internal/http_server/handlers/open_new_receptions/post_receptions.go:38.76,45.26 5 1
github.com/nabishec/avito_pvz_service/internal/http_server/handlers/open_new_receptions/post_receptions.go:45.26,51.3 4 1
github.com/nabishec/avito_pvz_service/internal/http_server/handlers/open_new_receptions/post_receptions.go:53.2,56.16 3 1
github.com/nabishec/avito_pvz_service/internal/http_server/handlers/open_new_receptions/post_receptions.go:56.16,62.3 4 1
github.com/nabishec/avito_pvz_service/internal/http_server/handlers/open_new_receptions/post_receptions.go:63.2,66.16 3 1
github.com/nabishec/avito_pvz_service/internal/http_server/handlers/open_new_receptions/post_receptions.go:66.16,72.3 4 1
github.com/nabishec/avito_pvz_service/internal/http_server/handlers/open_new_receptions/post_receptions.go:74.2,75.16 2 1
github.com/nabishec/avito_pvz_service/internal/http_server/handlers/open_new_receptions/post_receptions.go:75.16,81.3 4 1
github.com/nabishec/avito_pvz_service/internal/http_server/handlers/open_new_receptions/post_receptions.go:83.2,84.16 2 1
github.com/nabishec/avito_pvz_service/internal/http_server/handlers/open_new_receptions/post_receptions.go:84.16,85.36 1 1
github.com/nabishec/avito_pvz_service/internal/http_server/handlers/open_new_receptions/post_receptions.go:85.36,91.4 4 1
github.com/nabishec/avito_pvz_service/internal/http_server/handlers/open_new_receptions/post_receptions.go:92.3,92.51 1 1
github.com/nabishec/avito_pvz_service/internal/http_server/handlers/open_new_receptions/post_receptions.go:92.51,98.4 4 1
github.com/nabishec/avito_pvz_service/internal/http_server/handlers/open_new_receptions/post_receptions.go:99.3,103.9 4 1
github.com/nabishec/avito_pvz_service/internal/http_server/handlers/open_new_receptions/post_receptions.go:106.2,107.31 2 1
github.com/nabishec/avito_pvz_service/internal/http_server/handlers/root_token/post_root_token.go:18.32,20.2 1 0
github.com/nabishec/avito_pvz_service/internal/http_server/handlers/root_token/post_root_token.go:31.77,40.16 6 1
github.com/nabishec/avito_pvz_service/internal/http_server/handlers/root_token/post_root_token.go:40.16,46.3 4 1
github.com/nabishec/avito_pvz_service/internal/http_server/handlers/root_token/post_root_token.go:47.2,50.16 3 1
github.com/nabishec/avito_pvz_service/internal/http_server/handlers/root_token/post_root_token.go:50.16,56.3 4 1
github.com/nabishec/avito_pvz_service/internal/http_server/handlers/root_token/post_root_token.go:58.2,58.73 1 1
github.com/nabishec/avito_pvz_service/internal/http_server/handlers/root_token/post_root_token.go:58.73,64.3 4 1
github.com/nabishec/avito_pvz_service/internal/http_server/handlers/root_token/post_root_token.go:66.2,67.16 2 1
github.com/nabishec/avito_pvz_service/internal/http_server/handlers/root_token/post_root_token.go:67.16,73.3 4 0
github.com/nabishec/avito_pvz_service/internal/http_server/handlers/root_token/post_root_token.go:74.2,77.53 3 1
