mode: set
github.com/nabishec/avito_pvz_service/internal/http_server/handlers/add_products/post_products.go:21.55,25.2 1 0
github.com/nabishec/avito_pvz_service/internal/http_server/handlers/add_products/post_products.go:39.72,46.26 5 1
github.com/nabishec/avito_pvz_service/internal/http_server/handlers/add_products/post_products.go:46.26,52.3 4 1
github.com/nabishec/avito_pvz_service/internal/http_server/handlers/add_products/post_products.go:54.2,57.16 3 1
github.com/nabishec/avito_pvz_service/internal/http_server/handlers/add_products/post_products.go:57.16,63.3 4 1
github.com/nabishec/avito_pvz_service/internal/http_server/handlers/add_products/post_products.go:64.2,67.16 3 1
github.com/nabishec/avito_pvz_service/internal/http_server/handlers/add_products/post_products.go:67.16,73.3 4 1
github.com/nabishec/avito_pvz_service/internal/http_server/handlers/add_products/post_products.go:75.2,77.19 3 1
github.com/nabishec/avito_pvz_service/internal/http_server/handlers/add_products/post_products.go:77.19,83.3 4 1
github.com/nabishec/avito_pvz_service/internal/http_server/handlers/add_products/post_products.go:85.2,86.16 2 1
github.com/nabishec/avito_pvz_service/internal/http_server/handlers/add_products/post_products.go:86.16,92.3 4 1
github.com/nabishec/avito_pvz_service/internal/http_server/handlers/add_products/post_products.go:94.2,95.16 2 1
github.com/nabishec/avito_pvz_service/internal/http_server/handlers/add_products/post_products.go:95.16,96.46 1 1
github.com/nabishec/avito_pvz_service/internal/http_server/handlers/add_products/post_products.go:96.46,102.4 4 1
github.com/nabishec/avito_pvz_service/internal/http_server/handlers/add_products/post_products.go:103.3,107.9 4 1
github.com/nabishec/avito_pvz_service/internal/http_server/handlers/add_products/post_products.go:110.2,111.28 2 1
github.com/nabishec/avito_pvz_service/internal/http_server/handlers/auth/post_auth.go:18.39,22.2 1 0
github.com/nabishec/avito_pvz_service/internal/http_server/handlers/auth/post_auth.go:33.65,41.16 6 1
github.com/nabishec/avito_pvz_service/internal/http_server/handlers/auth/post_auth.go:41.16,47.3 4 1
github.com/nabishec/avito_pvz_service/internal/http_server/handlers/auth/post_auth.go:48.2,51.16 3 1
github.com/nabishec/avito_pvz_service/internal/http_server/handlers/auth/post_auth.go:51.16,57.3 4 1
github.com/nabishec/avito_pvz_service/internal/http_server/handlers/auth/post_auth.go:58.2,58.61 1 1
github.com/nabishec/avito_pvz_service/internal/http_server/handlers/auth/post_auth.go:58.61,64.3 4 1
github.com/nabishec/avito_pvz_service/internal/http_server/handlers/auth/post_auth.go:66.2,67.16 2 1
github.com/nabishec/avito_pvz_service/internal/http_server/handlers/auth/post_auth.go:67.16,68.40 1 1
github.com/nabishec/avito_pvz_service/internal/http_server/handlers/auth/post_auth.go:68.40,74.4 4 0
github.com/nabishec/avito_pvz_service/internal/http_server/handlers/auth/post_auth.go:75.3,75.41 1 1
github.com/nabishec/avito_pvz_service/internal/http_server/handlers/auth/post_auth.go:75.41,81.4 4 1
github.com/nabishec/avito_pvz_service/internal/http_server/handlers/auth/post_auth.go:82.3,86.9 4 1
github.com/nabishec/avito_pvz_service/internal/http_server/handlers/auth/post_auth.go:89.2,90.25 2 1
github.com/nabishec/avito_pvz_service/internal/http_server/handlers/add_pvz/post_pvz.go:19.35,23.2 1 0
github.com/nabishec/avito_pvz_service/internal/http_server/handlers/add_pvz/post_pvz.go:37.62,44.29 5 1
github.com/nabishec/avito_pvz_service/internal/http_server/handlers/add_pvz/post_pvz.go:44.29,50.3 4 1
github.com/nabishec/avito_pvz_service/internal/http_server/handlers/add_pvz/post_pvz.go:52.2,55.16 3 1
github.com/nabishec/avito_pvz_service/internal/http_server/handlers/add_pvz/post_pvz.go:55.16,61.3 4 1
github.com/nabishec/avito_pvz_service/internal/http_server/handlers/add_pvz/post_pvz.go:62.2,65.16 3 1
github.com/nabishec/avito_pvz_service/internal/http_server/handlers/add_pvz/post_pvz.go:65.16,71.3 4 1
github.com/nabishec/avito_pvz_service/internal/http_server/handlers/add_pvz/post_pvz.go:73.2,75.18 3 1
github.com/nabishec/avito_pvz_service/internal/http_server/handlers/add_pvz/post_pvz.go:75.18,81.3 4 1
github.com/nabishec/avito_pvz_service/internal/http_server/handlers/add_pvz/post_pvz.go:83.2,84.16 2 1
github.com/nabishec/avito_pvz_service/internal/http_server/handlers/add_pvz/post_pvz.go:84.16,90.3 4 1
github.com/nabishec/avito_pvz_service/internal/http_server/handlers/add_pvz/post_pvz.go:92.2,93.24 2 1
github.com/nabishec/avito_pvz_service/internal/http_server/handlers/get_pvz_list/get_pvz.go:17.33,21.2 1 0
github.com/nabishec/avito_pvz_service/internal/http_server/handlers/get_pvz_list/get_pvz.go:38.66,57.21 13 1
github.com/nabishec/avito_pvz_service/internal/http_server/handlers/get_pvz_list/get_pvz.go:57.21,59.17 2 1
github.com/nabishec/avito_pvz_service/internal/http_server/handlers/get_pvz_list/get_pvz.go:59.17,65.4 4 1
github.com/nabishec/avito_pvz_service/internal/http_server/handlers/get_pvz_list/get_pvz.go:68.2,68.19 1 1
github.com/nabishec/avito_pvz_service/internal/http_server/handlers/get_pvz_list/get_pvz.go:68.19,70.17 2 1
github.com/nabishec/avito_pvz_service/internal/http_server/handlers/get_pvz_list/get_pvz.go:70.17,76.4 4 0
github.com/nabishec/avito_pvz_service/internal/http_server/handlers/get_pvz_list/get_pvz.go:79.2,81.16 3 1
github.com/nabishec/avito_pvz_service/internal/http_server/handlers/get_pvz_list/get_pvz.go:81.16,83.3 1 1
github.com/nabishec/avito_pvz_service/internal/http_server/handlers/get_pvz_list/get_pvz.go:83.8,85.3 1 1
github.com/nabishec/avito_pvz_service/internal/http_server/handlers/get_pvz_list/get_pvz.go:87.2,87.31 1 1
github.com/nabishec/avito_pvz_service/internal/http_server/handlers/get_pvz_list/get_pvz.go:87.31,93.3 4 1
github.com/nabishec/avito_pvz_service/internal/http_server/handlers/get_pvz_list/get_pvz.go:95.2,95.17 1 1
github.com/nabishec/avito_pvz_service/internal/http_server/handlers/get_pvz_list/get_pvz.go:95.17,97.3 1 1
github.com/nabishec/avito_pvz_service/internal/http_server/handlers/get_pvz_list/get_pvz.go:97.8,99.3 1 1
github.com/nabishec/avito_pvz_service/internal/http_server/handlers/get_pvz_list/get_pvz.go:101.2,101.49 1 1
github.com/nabishec/avito_pvz_service/internal/http_server/handlers/get_pvz_list/get_pvz.go:101.49,107.3 4 1
github.com/nabishec/avito_pvz_service/internal/http_server/handlers/get_pvz_list/get_pvz.go:109.2,109.39 1 1
github.com/nabishec/avito_pvz_service/internal/http_server/handlers/get_pvz_list/get_pvz.go:109.39,115.3 4 1
github.com/nabishec/avito_pvz_service/internal/http_server/handlers/get_pvz_list/get_pvz.go:117.2,118.16 2 1
github.com/nabishec/avito_pvz_service/internal/http_server/handlers/get_pvz_list/get_pvz.go:118.16,124.3 4 1
github.com/nabishec/avito_pvz_service/internal/http_server/handlers/get_pvz_list/get_pvz.go:126.2,127.28 2 1
github.com/nabishec/avito_pvz_service/internal/http_server/handlers/close_last_receptions/post_reception.go:19.99,23.2 1 0
github.com/nabishec/avito_pvz_service/internal/http_server/handlers/close_last_receptions/post_reception.go:37.91,44.26 5 1
github.com/nabishec/avito_pvz_service/internal/http_server/handlers/close_last_receptions/post_reception.go:44.26,50.3 4 1
github.com/nabishec/avito_pvz_service/internal/http_server/handlers/close_last_receptions/post_reception.go:52.2,53.23 2 1
github.com/nabishec/avito_pvz_service/internal/http_server/handlers/close_last_receptions/post_reception.go:53.23,59.3 4 1
github.com/nabishec/avito_pvz_service/internal/http_server/handlers/close_last_receptions/post_reception.go:60.2,63.16 3 1
github.com/nabishec/avito_pvz_service/internal/http_server/handlers/close_last_receptions/post_reception.go:63.16,69.3 4 1
github.com/nabishec/avito_pvz_service/internal/http_server/handlers/close_last_receptions/post_reception.go:71.2,72.16 2 1
github.com/nabishec/avito_pvz_service/internal/http_server/handlers/close_last_receptions/post_reception.go:72.16,73.46 1 1
github.com/nabishec/avito_pvz_service/internal/http_server/handlers/close_last_receptions/post_reception.go:73.46,79.4 4 1
github.com/nabishec/avito_pvz_service/internal/http_server/handlers/close_last_receptions/post_reception.go:80.3,84.9 4 1
github.com/nabishec/avito_pvz_service/internal/http_server/handlers/close_last_receptions/post_reception.go:87.2,88.75 2 1
github.com/nabishec/avito_pvz_service/internal/http_server/handlers/delete_last_products/post_product.go:19.91,23.2 1 0
github.com/nabishec/avito_pvz_service/internal/http_server/handlers/delete_last_products/post_product.go:37.85,44.26 5 1
github.com/nabishec/avito_pvz_service/internal/http_server/handlers/delete_last_products/post_product.go:44.26,50.3 4 1
github.com/nabishec/avito_pvz_service/internal/http_server/handlers/delete_last_products/post_product.go:52.2,53.23 2 1
github.com/nabishec/avito_pvz_service/internal/http_server/handlers/delete_last_products/post_product.go:53.23,59.3 4 1
github.com/nabishec/avito_pvz_service/internal/http_server/handlers/delete_last_products/post_product.go:60.2,63.16 3 1
github.com/nabishec/avito_pvz_service/internal/http_server/handlers/delete_last_products/post_product.go:63.16,69.3 4 1
github.com/nabishec/avito_pvz_service/internal/http_server/handlers/delete_last_products/post_product.go:71.2,72.16 2 1
github.com/nabishec/avito_pvz_service/internal/http_server/handlers/delete_last_products/post_product.go:72.16,73.46 1 1
github.com/nabishec/avito_pvz_service/internal/http_server/handlers/delete_last_products/post_product.go:73.46,79.4 4 1
github.com/nabishec/avito_pvz_service/internal/http_server/handlers/delete_last_products/post_product.go:80.3,80.52 1 1
github.com/nabishec/avito_pvz_service/internal/http_server/handlers/delete_last_products/post_product.go:80.52,86.4 4 1
github.com/nabishec/avito_pvz_service/internal/http_server/handlers/delete_last_products/post_product.go:88.3,92.9 4 1
github.com/nabishec/avito_pvz_service/internal/http_server/handlers/delete_last_products/post_product.go:95.2,96.68 2 1
github.com/nabishec/avito_pvz_service/internal/http_server/handlers/login/post_login.go:19.43,23.2 1 0
github.com/nabishec/avito_pvz_service/internal/http_server/handlers/login/post_login.go:35.63,43.16 6 1
github.com/nabishec/avito_pvz_service/internal/http_server/handlers/login/post_login.go:43.16,49.3 4 1
github.com/nabishec/avito_pvz_service/internal/http_server/handlers/login/post_login.go:50.2,53.16 3 1
github.com/nabishec/avito_pvz_service/internal/http_server/handlers/login/post_login.go:53.16,59.3 4 1
github.com/nabishec/avito_pvz_service/internal/http_server/handlers/login/post_login.go:61.2,62.16 2 1
github.com/nabishec/avito_pvz_service/internal/http_server/handlers/login/post_login.go:62.16,63.40 1 1
github.com/nabishec/avito_pvz_service/internal/http_server/handlers/login/post_login.go:63.40,69.4 4 1
github.com/nabishec/avito_pvz_service/internal/http_server/handlers/login/post_login.go:70.3,70.40 1 1
github.com/nabishec/avito_pvz_service/internal/http_server/handlers/login/post_login.go:70.40,76.4 4 1
github.com/nabishec/avito_pvz_service/internal/http_server/handlers/login/post_login.go:77.3,77.37 1 1
github.com/nabishec/avito_pvz_service/internal/http_server/handlers/login/post_login.go:77.37,83.4 4 1
github.com/nabishec/avito_pvz_service/internal/http_server/handlers/login/post_login.go:84.3,88.9 4 1
github.com/nabishec/avito_pvz_service/internal/http_server/handlers/login/post_login.go:91.2,92.16 2 1
github.com/nabishec/avito_pvz_service/internal/http_server/handlers/login/post_login.go:92.16,98.3 4 0
github.com/nabishec/avito_pvz_service/internal/http_server/handlers/login/post_login.go:99.2,102.53 3 1
github.com/nabishec/avito_pvz_service/internal/http_server/handlers/open_new_receptions/post_receptions.go:20.63,24.2 1 0
github.com/nabishec/avito_pvz_service/internal/http_server/handlers/open_new_receptions/post_receptions.go:38.76,45.26 5 1
github.com/nabishec/avito_pvz_service/internal/http_server/handlers/open_new_receptions/post_receptions.go:45.26,51.3 4 1
github.com/nabishec/avito_pvz_service/internal/http_server/handlers/open_new_receptions/post_receptions.go:53.2,56.16 3 1
github.com/nabishec/avito_pvz_service/internal/http_server/handlers/open_new_receptions/post_receptions.go:56.16,62.3 4 1
github.com/nabishec/avito_pvz_service/internal/http_server/handlers/open_new_receptions/post_receptions.go:63.2,66.16 3 1
github.com/nabishec/avito_pvz_service/internal/http_server/handlers/open_new_receptions/post_receptions.go:66.16,72.3 4 1
github.com/nabishec/avito_pvz_service/internal/http_server/handlers/open_new_receptions/post_receptions.go:74.2,75.16 2 1
github.com/nabishec/avito_pvz_service/internal/http_server/handlers/open_new_receptions/post_receptions.go:75.16,81.3 4 1
github.com/nabishec/avito_pvz_service/internal/http_server/handlers/open_new_receptions/post_receptions.go:83.2,84.16 2 1
github.com/nabishec/avito_pvz_service/internal/http_server/handlers/open_new_receptions/post_receptions.go:84.16,85.36 1 1
github.com/nabishec/avito_pvz_service/internal/http_server/handlers/open_new_receptions/post_receptions.go:85.36,91.4 4 1
github.com/nabishec/avito_pvz_service/internal/http_server/handlers/open_new_receptions/post_receptions.go:92.3,92.51 1 1
github.com/nabishec/avito_pvz_service/internal/http_server/handlers/open_new_receptions/post_receptions.go:92.51,98.4 4 1
github.com/nabishec/avito_pvz_service/internal/http_server/handlers/open_new_receptions/post_receptions.go:99.3,103.9 4 1
github.com/nabishec/avito_pvz_service/internal/http_server/handlers/open_new_receptions/post_receptions.go:106.2,107.31 2 1
github.com/nabishec/avito_pvz_service/internal/http_server/handlers/root_token/post_root_token.go:17.32,19.2 1 0
github.com/nabishec/avito_pvz_service/internal/http_server/handlers/root_token/post_root_token.go:30.77,39.16 6 1
github.com/nabishec/avito_pvz_service/internal/http_server/handlers/root_token/post_root_token.go:39.16,45.3 4 1
github.com/nabishec/avito_pvz_service/internal/http_server/handlers/root_token/post_root_token.go:46.2,49.16 3 1
github.com/nabishec/avito_pvz_service/internal/http_server/handlers/root_token/post_root_token.go:49.16,55.3 4 1
github.com/nabishec/avito_pvz_service/internal/http_server/handlers/root_token/post_root_token.go:57.2,57.73 1 1
github.com/nabishec/avito_pvz_service/internal/http_server/handlers/root_token/post_root_token.go:57.73,63.3 4 1
github.com/nabishec/avito_pvz_service/internal/http_server/handlers/root_token/post_root_token.go:65.2,66.16 2 1
github.com/nabishec/avito_pvz_service/internal/http_server/handlers/root_token/post_root_token.go:66.16,72.3 4 0
github.com/nabishec/avito_pvz_service/internal/http_server/handlers/root_token/post_root_token.go:73.2,76.53 3 1
